CDPATH="${ZSH_VERSION+.}:" && cd . && /bin/bash '/tmp/bitcoinperf-libsecp-4-again/bitcoin/build-aux/missing' aclocal-1.16 -I build-aux/m4
CDPATH="${ZSH_VERSION+.}:" && cd . && /bin/bash '/tmp/bitcoinperf-libsecp-4-again/bitcoin/build-aux/missing' autoconf
 cd . && /bin/bash /tmp/bitcoinperf-libsecp-4-again/bitcoin/build-aux/missing automake-1.16 --foreign
/bin/bash ./config.status --recheck
running CONFIG_SHELL=/bin/bash /bin/bash ./configure --with-incompatible-bdb --without-gui --disable-ccache --disable-shared --with-pic --enable-benchmark=no --enable-module-recovery --disable-module-ecdh --no-create --no-recursion
checking for pkg-config... /usr/bin/pkg-config
checking pkg-config is at least version 0.9.0... yes
checking build system type... x86_64-pc-linux-gnu
checking host system type... x86_64-pc-linux-gnu
checking for a BSD-compatible install... /usr/bin/install -c
checking whether build environment is sane... yes
checking for a thread-safe mkdir -p... /usr/bin/mkdir -p
checking for gawk... no
checking for mawk... mawk
checking whether make sets $(MAKE)... yes
checking whether make supports nested variables... yes
checking whether to enable maintainer-specific portions of Makefiles... yes
checking whether make supports nested variables... (cached) yes
checking for g++... g++
checking whether the C++ compiler works... yes
checking for C++ compiler default output file name... a.out
checking for suffix of executables... 
checking whether we are cross compiling... no
checking for suffix of object files... o
checking whether we are using the GNU C++ compiler... yes
checking whether g++ accepts -g... yes
checking whether make supports the include directive... yes (GNU style)
checking dependency style of g++... gcc3
checking whether g++ supports C++20 features with -std=c++20... yes
checking whether we are using the GNU Objective C++ compiler... no
checking whether g++ -std=c++20 accepts -g... no
checking dependency style of g++ -std=c++20... gcc3
checking how to print strings... printf
checking for gcc... gcc
checking whether we are using the GNU C compiler... yes
checking whether gcc accepts -g... yes
checking for gcc option to accept ISO C89... none needed
checking whether gcc understands -c and -o together... yes
checking dependency style of gcc... gcc3
checking for a sed that does not truncate output... /usr/bin/sed
checking for grep that handles long lines and -e... /usr/bin/grep
checking for egrep... /usr/bin/grep -E
checking for fgrep... /usr/bin/grep -F
checking for ld used by gcc... /usr/bin/ld
checking if the linker (/usr/bin/ld) is GNU ld... yes
checking for BSD- or MS-compatible name lister (nm)... /usr/bin/nm -B
checking the name lister (/usr/bin/nm -B) interface... BSD nm
checking whether ln -s works... yes
checking the maximum length of command line arguments... 1572864
checking how to convert x86_64-pc-linux-gnu file names to x86_64-pc-linux-gnu format... func_convert_file_noop
checking how to convert x86_64-pc-linux-gnu file names to toolchain format... func_convert_file_noop
checking for /usr/bin/ld option to reload object files... -r
checking for objdump... objdump
checking how to recognize dependent libraries... pass_all
checking for dlltool... no
checking how to associate runtime and link libraries... printf %s\n
checking for ar... ar
checking for archiver @FILE support... @
checking for strip... strip
checking for ranlib... ranlib
checking command to parse /usr/bin/nm -B output from gcc object... ok
checking for sysroot... no
checking for a working dd... /usr/bin/dd
checking how to truncate binary pipes... /usr/bin/dd bs=4096 count=1
checking for mt... mt
checking if mt is a manifest tool... no
checking how to run the C preprocessor... gcc -E
checking for ANSI C header files... yes
checking for sys/types.h... yes
checking for sys/stat.h... yes
checking for stdlib.h... yes
checking for string.h... yes
checking for memory.h... yes
checking for strings.h... yes
checking for inttypes.h... yes
checking for stdint.h... yes
checking for unistd.h... yes
checking for dlfcn.h... yes
checking for objdir... .libs
checking if gcc supports -fno-rtti -fno-exceptions... no
checking for gcc option to produce PIC... -fPIC -DPIC
checking if gcc PIC flag -fPIC -DPIC works... yes
checking if gcc static flag -static works... yes
checking if gcc supports -c -o file.o... yes
checking if gcc supports -c -o file.o... (cached) yes
checking whether the gcc linker (/usr/bin/ld -m elf_x86_64) supports shared libraries... yes
checking dynamic linker characteristics... GNU/Linux ld.so
checking how to hardcode library paths into programs... immediate
checking whether stripping libraries is possible... yes
checking if libtool supports shared libraries... yes
checking whether to build shared libraries... no
checking whether to build static libraries... yes
checking how to run the C++ preprocessor... g++ -std=c++20 -E
checking for ld used by g++ -std=c++20... /usr/bin/ld -m elf_x86_64
checking if the linker (/usr/bin/ld -m elf_x86_64) is GNU ld... yes
checking whether the g++ -std=c++20 linker (/usr/bin/ld -m elf_x86_64) supports shared libraries... yes
checking for g++ -std=c++20 option to produce PIC... -fPIC -DPIC
checking if g++ -std=c++20 PIC flag -fPIC -DPIC works... yes
checking if g++ -std=c++20 static flag -static works... yes
checking if g++ -std=c++20 supports -c -o file.o... yes
checking if g++ -std=c++20 supports -c -o file.o... (cached) yes
checking whether the g++ -std=c++20 linker (/usr/bin/ld -m elf_x86_64) supports shared libraries... yes
checking dynamic linker characteristics... (cached) GNU/Linux ld.so
checking how to hardcode library paths into programs... immediate
checking for ar... /usr/bin/ar
checking for gcov... /usr/bin/gcov
checking for llvm-cov... no
checking for lcov... no
checking for python3.9... /usr/bin/python3.9
checking for genhtml... no
checking for git... /usr/bin/git
checking for ccache... no
checking for xgettext... no
checking for hexdump... /usr/bin/hexdump
checking for objcopy... /usr/bin/objcopy
checking for doxygen... no
checking whether C++ compiler accepts -Werror... yes
checking whether the linker accepts -Wl,--fatal-warnings... yes
checking whether C++ compiler accepts -Wall... yes
checking whether C++ compiler accepts -Wextra... yes
checking whether C++ compiler accepts -Wgnu... no
checking whether C++ compiler accepts -Wformat -Wformat-security... yes
checking whether C++ compiler accepts -Wvla... yes
checking whether C++ compiler accepts -Wshadow-field... no
checking whether C++ compiler accepts -Wthread-safety... no
checking whether C++ compiler accepts -Wloop-analysis... no
checking whether C++ compiler accepts -Wredundant-decls... yes
checking whether C++ compiler accepts -Wunused-member-function... no
checking whether C++ compiler accepts -Wdate-time... yes
checking whether C++ compiler accepts -Wconditional-uninitialized... no
checking whether C++ compiler accepts -Wduplicated-branches... yes
checking whether C++ compiler accepts -Wduplicated-cond... yes
checking whether C++ compiler accepts -Wlogical-op... yes
checking whether C++ compiler accepts -Woverloaded-virtual... yes
checking whether C++ compiler accepts -Wsuggest-override... yes
checking whether C++ compiler accepts -Wimplicit-fallthrough... yes
checking whether C++ compiler accepts -Wunreachable-code... yes
checking whether C++ compiler accepts -Wdocumentation... no
checking whether C++ compiler accepts -Wunused-parameter... yes
checking whether C++ compiler accepts -Wself-assign... no
checking whether C++ compiler accepts -fno-extended-identifiers... yes
checking whether C++ compiler accepts -fstack-reuse=none... yes
checking whether C++ compiler accepts -msse4.2... yes
checking whether C++ compiler accepts -msse4.1... yes
checking whether C++ compiler accepts -mavx -mavx2... yes
checking whether C++ compiler accepts -msse4 -msha... yes
checking whether C++ compiler accepts -mpclmul... yes
checking for SSE4.2 intrinsics... yes
checking for SSE4.1 intrinsics... yes
checking for AVX2 intrinsics... yes
checking for x86 SHA-NI intrinsics... yes
checking whether C++ compiler accepts -march=armv8-a+crc+crypto... no
checking whether C++ compiler accepts -march=armv8-a+crypto... no
checking for ARMv8 CRC32 intrinsics... no
checking for ARMv8 SHA-NI intrinsics... no
checking whether byte ordering is bigendian... no
checking whether gcc is Clang... no
checking whether pthreads work with "-pthread" and "-lpthread"... yes
checking for joinable pthread attribute... PTHREAD_CREATE_JOINABLE
checking whether more special flags are required for pthreads... no
checking for PTHREAD_PRIO_INHERIT... yes
checking whether std::atomic can be used without link library... yes
checking for special C compiler options needed for large files... no
checking for _FILE_OFFSET_BITS value needed for large files... no
checking whether strerror_r is declared... yes
checking for strerror_r... yes
checking whether strerror_r returns char *... yes
checking whether C++ compiler accepts -fPIC... yes
checking whether C++ compiler accepts -Wstack-protector... yes
checking whether C++ compiler accepts -fstack-protector-all... yes
checking whether C++ compiler accepts -fcf-protection=full... yes
checking whether C++ compiler accepts -fstack-clash-protection... yes
checking whether C++ preprocessor accepts -D_FORTIFY_SOURCE=3... yes
checking whether C++ preprocessor accepts -U_FORTIFY_SOURCE... yes
checking whether the linker accepts -Wl,--enable-reloc-section... no
checking whether the linker accepts -Wl,--dynamicbase... no
checking whether the linker accepts -Wl,--nxcompat... no
checking whether the linker accepts -Wl,--high-entropy-va... no
checking whether the linker accepts -Wl,-z,relro... yes
checking whether the linker accepts -Wl,-z,now... yes
checking whether the linker accepts -Wl,-z,separate-code... yes
checking whether the linker accepts -fPIE -pie... yes
checking endian.h usability... yes
checking endian.h presence... yes
checking for endian.h... yes
checking sys/endian.h usability... no
checking sys/endian.h presence... no
checking for sys/endian.h... no
checking byteswap.h usability... yes
checking byteswap.h presence... yes
checking for byteswap.h... yes
checking sys/select.h usability... yes
checking sys/select.h presence... yes
checking for sys/select.h... yes
checking sys/prctl.h usability... yes
checking sys/prctl.h presence... yes
checking for sys/prctl.h... yes
checking sys/sysctl.h usability... yes
checking sys/sysctl.h presence... yes
checking for sys/sysctl.h... yes
checking vm/vm_param.h usability... no
checking vm/vm_param.h presence... no
checking for vm/vm_param.h... no
checking sys/vmmeter.h usability... no
checking sys/vmmeter.h presence... no
checking for sys/vmmeter.h... no
checking sys/resources.h usability... no
checking sys/resources.h presence... no
checking for sys/resources.h... no
checking whether getifaddrs is declared... yes
checking whether ifaddrs funcs can be used without link library... yes
checking whether freeifaddrs is declared... yes
checking whether ifaddrs funcs can be used without link library... yes
checking whether fork is declared... yes
checking whether setsid is declared... yes
checking whether pipe2 is declared... yes
checking for timingsafe_bcmp... no
checking whether le16toh is declared... yes
checking whether le32toh is declared... yes
checking whether le64toh is declared... yes
checking whether htole16 is declared... yes
checking whether htole32 is declared... yes
checking whether htole64 is declared... yes
checking whether be16toh is declared... yes
checking whether be32toh is declared... yes
checking whether be64toh is declared... yes
checking whether htobe16 is declared... yes
checking whether htobe32 is declared... yes
checking whether htobe64 is declared... yes
checking whether bswap_16 is declared... yes
checking whether bswap_32 is declared... yes
checking whether bswap_64 is declared... yes
checking for __builtin_clzl... yes
checking for __builtin_clzll... yes
checking for getmemoryinfo... yes
checking for mallopt M_ARENA_MAX... yes
checking for posix_fallocate... yes
checking for default visibility attribute... yes
checking for dllexport attribute... no
checking for thread_local support... yes
checking for gmtime_r... yes
checking for Linux getrandom function... yes
checking for getentropy via sys/random.h... yes
checking for sysctl... no
checking for sysctl KERN_ARND... no
checking for if type char equals int8_t... no
checking for fdatasync... yes
checking for F_FULLFSYNC... no
checking for O_CLOEXEC... yes
checking for __builtin_prefetch... yes
checking for _mm_prefetch... yes
checking for strong getauxval support in the system headers... yes
checking for std::system... yes
checking for ::_wsystem... no
checking whether to build Bitcoin Core GUI... no
checking whether main function is needed for fuzz binary... checking whether the linker accepts ... no
yes
checking for __builtin_mul_overflow... yes
checking for Berkeley DB C++ headers... default
checking for main in -ldb_cxx-4.8... no
checking for main in -ldb_cxx... yes
checking for sqlite3 >= 3.7.17... yes
checking whether to build wallet with support for sqlite... yes
checking whether Userspace, Statically Defined Tracing tracepoints are supported... no
checking miniupnpc/miniupnpc.h usability... no
checking miniupnpc/miniupnpc.h presence... no
checking for miniupnpc/miniupnpc.h... no
checking miniupnpc/upnpcommands.h usability... no
checking miniupnpc/upnpcommands.h presence... no
checking for miniupnpc/upnpcommands.h... no
checking miniupnpc/upnperrors.h usability... no
checking miniupnpc/upnperrors.h presence... no
checking for miniupnpc/upnperrors.h... no
checking natpmp.h usability... no
checking natpmp.h presence... no
checking for natpmp.h... no
checking for Boost headers >= 1.73.0 (107300)... yes
checking whether C++ preprocessor accepts -DBOOST_NO_CXX98_FUNCTION_BASE... yes
checking whether Boost.Process can be used... yes
checking for libevent >= 2.1.8... yes
checking for libevent_pthreads >= 2.1.8... yes
checking if evhttp_connection_get_peer expects const char**... no
checking for libzmq >= 4... no
checking for libmultiprocess... no
checking whether to build bitcoind... yes
checking whether to build bitcoin-cli... yes
checking whether to build bitcoin-tx... yes
checking whether to build bitcoin-wallet... yes
checking whether to build bitcoin-util... yes
checking whether to build experimental bitcoin-chainstate... no
checking whether to build libraries... yes
checking if wallet should be enabled... yes
checking whether to build with support for UPnP... no
checking whether to build with support for NAT-PMP... no
checking whether to build test_bitcoin... yes
checking whether to reduce exports... no
checking that generated files are newer than configure... done
configure: creating ./config.status

Options used to compile and link:
  external signer = yes
  multiprocess    = no
  with libs       = yes
  with wallet     = yes
    with sqlite   = yes
    with bdb      = yes
  with gui / qt   = no
  with zmq        = no
  with test       = yes
  with fuzz binary = yes
  with bench      = yes
  with upnp       = no
  with natpmp     = no
  use asm         = yes
  USDT tracing    = no
  sanitizers      = 
  debug enabled   = no
  gprof enabled   = no
  werror          = no
  LTO             = no

  target os       = linux-gnu
  build os        = linux-gnu

  CC              = gcc
  CFLAGS          = -pthread -g -O2
  CPPFLAGS        =   -U_FORTIFY_SOURCE -D_FORTIFY_SOURCE=3  -DHAVE_BUILD_INFO -DPROVIDE_FUZZ_MAIN_FUNCTION 
  CXX             = g++ -std=c++20
  CXXFLAGS        =    -Wstack-protector -fstack-protector-all -fcf-protection=full -fstack-clash-protection  -Wall -Wextra -Wformat -Wformat-security -Wvla -Wredundant-decls -Wdate-time -Wduplicated-branches -Wduplicated-cond -Wlogical-op -Woverloaded-virtual -Wsuggest-override -Wimplicit-fallthrough -Wunreachable-code  -Wno-unused-parameter    -fno-extended-identifiers -fstack-reuse=none -g -O2
  LDFLAGS         =  -lpthread  -Wl,-z,relro -Wl,-z,now -Wl,-z,separate-code -pie   
  AR              = /usr/bin/ar
  ARFLAGS         = cr

 /bin/bash ./config.status
config.status: creating libbitcoinconsensus.pc
config.status: creating Makefile
config.status: creating src/Makefile
config.status: creating doc/man/Makefile
config.status: creating share/setup.nsi
config.status: creating share/qt/Info.plist
config.status: creating test/config.ini
config.status: creating contrib/devtools/split-debug.sh
config.status: creating src/config/bitcoin-config.h
config.status: src/config/bitcoin-config.h is unchanged
config.status: executing depfiles commands
config.status: executing libtool commands
Making all in src
make[1]: Entering directory '/tmp/bitcoinperf-libsecp-4-again/bitcoin/src'
make[2]: Entering directory '/tmp/bitcoinperf-libsecp-4-again/bitcoin/src'
make[3]: Entering directory '/tmp/bitcoinperf-libsecp-4-again/bitcoin'
(CDPATH="${ZSH_VERSION+.}:" && cd . && /bin/bash '/tmp/bitcoinperf-libsecp-4-again/bitcoin/build-aux/missing' autoheader)
rm -f src/config/stamp-h1
touch src/config/bitcoin-config.h.in
make[3]: Leaving directory '/tmp/bitcoinperf-libsecp-4-again/bitcoin'
  GEN      obj/build.h
make[3]: Entering directory '/tmp/bitcoinperf-libsecp-4-again/bitcoin/src/secp256k1'
CDPATH="${ZSH_VERSION+.}:" && cd . && /bin/bash '/tmp/bitcoinperf-libsecp-4-again/bitcoin/src/secp256k1/build-aux/missing' aclocal-1.16 -I build-aux/m4
make[3]: Entering directory '/tmp/bitcoinperf-libsecp-4-again/bitcoin'
cd . && /bin/bash ./config.status src/config/bitcoin-config.h
config.status: creating src/config/bitcoin-config.h
config.status: src/config/bitcoin-config.h is unchanged
make[3]: Leaving directory '/tmp/bitcoinperf-libsecp-4-again/bitcoin'
make[3]: Entering directory '/tmp/bitcoinperf-libsecp-4-again/bitcoin'
make[3]: Leaving directory '/tmp/bitcoinperf-libsecp-4-again/bitcoin'
  CXX      libbitcoin_util_a-clientversion.o
CDPATH="${ZSH_VERSION+.}:" && cd . && /bin/bash '/tmp/bitcoinperf-libsecp-4-again/bitcoin/src/secp256k1/build-aux/missing' autoconf
 cd . && /bin/bash /tmp/bitcoinperf-libsecp-4-again/bitcoin/src/secp256k1/build-aux/missing automake-1.16 --foreign
/bin/bash ./config.status --recheck
running CONFIG_SHELL=/bin/bash /bin/bash ./configure --disable-option-checking --prefix=/usr/local --with-incompatible-bdb --without-gui --disable-ccache --disable-shared --with-pic --enable-benchmark=no --enable-module-recovery --disable-module-ecdh --cache-file=/dev/null --srcdir=. --no-create --no-recursion
checking build system type... x86_64-pc-linux-gnu
checking host system type... x86_64-pc-linux-gnu
checking for a BSD-compatible install... /usr/bin/install -c
checking whether build environment is sane... yes
checking for a thread-safe mkdir -p... /usr/bin/mkdir -p
checking for gawk... no
checking for mawk... mawk
checking whether make sets $(MAKE)... yes
checking whether make supports nested variables... yes
checking whether make supports nested variables... (cached) yes
checking for gcc... gcc
checking whether the C compiler works... yes
checking for C compiler default output file name... a.out
checking for suffix of executables... 
checking whether we are cross compiling... no
checking for suffix of object files... o
checking whether we are using the GNU C compiler... yes
checking whether gcc accepts -g... yes
checking for gcc option to accept ISO C89... none needed
checking whether gcc understands -c and -o together... yes
checking whether make supports the include directive... yes (GNU style)
checking dependency style of gcc... gcc3
checking dependency style of gcc... gcc3
checking for ar... ar
checking the archiver (ar) interface... ar
checking how to print strings... printf
checking for a sed that does not truncate output... /usr/bin/sed
checking for grep that handles long lines and -e... /usr/bin/grep
checking for egrep... /usr/bin/grep -E
checking for fgrep... /usr/bin/grep -F
checking for ld used by gcc... /usr/bin/ld
checking if the linker (/usr/bin/ld) is GNU ld... yes
checking for BSD- or MS-compatible name lister (nm)... /usr/bin/nm -B
checking the name lister (/usr/bin/nm -B) interface... BSD nm
checking whether ln -s works... yes
checking the maximum length of command line arguments... 1572864
checking how to convert x86_64-pc-linux-gnu file names to x86_64-pc-linux-gnu format... func_convert_file_noop
checking how to convert x86_64-pc-linux-gnu file names to toolchain format... func_convert_file_noop
checking for /usr/bin/ld option to reload object files... -r
checking for objdump... objdump
checking how to recognize dependent libraries... pass_all
checking for dlltool... no
checking how to associate runtime and link libraries... printf %s\n
checking for archiver @FILE support... @
checking for strip... strip
checking for ranlib... ranlib
checking command to parse /usr/bin/nm -B output from gcc object... ok
checking for sysroot... no
checking for a working dd... /usr/bin/dd
checking how to truncate binary pipes... /usr/bin/dd bs=4096 count=1
checking for mt... mt
checking if mt is a manifest tool... no
checking how to run the C preprocessor... gcc -E
checking for ANSI C header files... yes
checking for sys/types.h... yes
checking for sys/stat.h... yes
checking for stdlib.h... yes
checking for string.h... yes
checking for memory.h... yes
checking for strings.h... yes
checking for inttypes.h... yes
checking for stdint.h... yes
checking for unistd.h... yes
checking for dlfcn.h... yes
checking for objdir... .libs
checking if gcc supports -fno-rtti -fno-exceptions... no
checking for gcc option to produce PIC... -fPIC -DPIC
checking if gcc PIC flag -fPIC -DPIC works... yes
checking if gcc static flag -static works... yes
checking if gcc supports -c -o file.o... yes
checking if gcc supports -c -o file.o... (cached) yes
checking whether the gcc linker (/usr/bin/ld -m elf_x86_64) supports shared libraries... yes
checking dynamic linker characteristics... GNU/Linux ld.so
checking how to hardcode library paths into programs... immediate
checking whether stripping libraries is possible... yes
checking if libtool supports shared libraries... yes
checking whether to build shared libraries... no
checking whether to build static libraries... yes
checking if gcc supports -Werror... yes
checking if gcc supports -std=c89 -pedantic -Wno-long-long -Wnested-externs -Wshadow -Wstrict-prototypes -Wundef... yes
checking if gcc supports -Wno-overlength-strings... yes
checking if gcc supports -Wall...   AR       libbitcoin_util.a
yes
checking if gcc supports -Wno-unused-function... yes
checking if gcc supports -Wextra... yes
checking if gcc supports -Wcast-align... yes
checking if gcc supports -Wcast-align=strict... yes
checking if gcc supports -Wconditional-uninitialized... no
checking if gcc supports -Wreserved-identifier... no
checking if gcc supports -fvisibility=hidden... yes
checking for valgrind support... 
checking for x86_64 assembly availability... yes
checking that generated files are newer than configure... done
configure: creating ./config.status
  CXXLD    bitcoin-cli

Build Options:
  with external callbacks = no
  with benchmarks         = no
  with tests              = yes
  with ctime tests        = no
  with coverage           = no
  with examples           = no
  module ecdh             = no
  module recovery         = yes
  module extrakeys        = yes
  module schnorrsig       = yes
  module ellswift         = yes

  asm                     = x86_64
  ecmult window size      = 15
  ecmult gen prec. bits   = 4

  valgrind                = no
  CC                      = gcc
  CPPFLAGS                = 
  SECP_CFLAGS             = -O2  -std=c89 -pedantic -Wno-long-long -Wnested-externs -Wshadow -Wstrict-prototypes -Wundef -Wno-overlength-strings -Wall -Wno-unused-function -Wextra -Wcast-align -Wcast-align=strict -fvisibility=hidden 
  CFLAGS                  = -g -O2
  LDFLAGS                 = 
 /bin/bash ./config.status
config.status: creating Makefile
config.status: creating libsecp256k1.pc
config.status: executing depfiles commands
config.status: executing libtool commands
  CC       src/libsecp256k1_la-secp256k1.lo
  CC       src/libsecp256k1_precomputed_la-precomputed_ecmult.lo
  CC       src/libsecp256k1_precomputed_la-precomputed_ecmult_gen.lo
  CCLD     libsecp256k1_precomputed.la
  CCLD     libsecp256k1.la
make[3]: Leaving directory '/tmp/bitcoinperf-libsecp-4-again/bitcoin/src/secp256k1'
  CXXLD    bitcoin-tx
  CXXLD    bitcoind
  CXXLD    bitcoin-wallet
  CXXLD    bitcoin-util
  CXXLD    test/test_bitcoin
  CXXLD    bench/bench_bitcoin
  CXXLD    test/fuzz/fuzz
  CXXLD    libbitcoinconsensus.la
make[2]: Leaving directory '/tmp/bitcoinperf-libsecp-4-again/bitcoin/src'
make[1]: Leaving directory '/tmp/bitcoinperf-libsecp-4-again/bitcoin/src'
Making all in doc/man
make[1]: Entering directory '/tmp/bitcoinperf-libsecp-4-again/bitcoin/doc/man'
make[1]: Nothing to be done for 'all'.
make[1]: Leaving directory '/tmp/bitcoinperf-libsecp-4-again/bitcoin/doc/man'
make[1]: Entering directory '/tmp/bitcoinperf-libsecp-4-again/bitcoin'
make[1]: Nothing to be done for 'all-am'.
make[1]: Leaving directory '/tmp/bitcoinperf-libsecp-4-again/bitcoin'
